<?xml version="1.0" encoding="UTF-8"?>
<!-- Generated by org.testng.reporters.JUnitXMLReporter -->
<testsuite ignored="0" hostname="LTIN273654" failures="0" tests="5" name="Default test" time="71.481" errors="0" timestamp="2024-02-10T12:06:06 IST">
  <testcase classname="testCases.TestCases" name="profileValidation" time="19.828"/>
  <testcase classname="testCases.TestCases" name="openOneCognizant" time="11.092"/>
  <testcase classname="testCases.TestCases" name="validateGSDpage" time="25.236"/>
  <testcase classname="testCases.TestCases" name="selectLanguage" time="0.108"/>
  <testcase classname="testCases.TestCases" name="selectCountryAndQueries" time="15.021"/>
</testsuite> <!-- Default test -->
