<?xml version="1.0" encoding="UTF-8"?>
<!-- Generated by org.testng.reporters.JUnitXMLReporter -->
<testsuite ignored="0" hostname="LTIN273654" failures="0" tests="5" name="Test" time="75.652" errors="0" timestamp="2024-02-22T12:43:25 IST">
  <testcase classname="testCases.TestCases" name="profileValidation" time="30.669"/>
  <testcase classname="testCases.TestCases" name="openOneCognizant" time="5.899"/>
  <testcase classname="testCases.TestCases" name="validateGSDpage" time="22.204"/>
  <testcase classname="testCases.TestCases" name="selectLanguage" time="0.517"/>
  <testcase classname="testCases.TestCases" name="selectCountryAndQueries" time="15.213"/>
</testsuite> <!-- Test -->
