<?xml version="1.0" encoding="UTF-8"?>
<testng-results ignored="0" total="5" passed="5" failed="0" skipped="0">
  <reporter-output>
  </reporter-output>
  <suite started-at="2024-02-22T12:42:08 IST" name="Suite" finished-at="2024-02-22T12:43:24 IST" duration-ms="75652">
    <groups>
    </groups>
    <test started-at="2024-02-22T12:42:08 IST" name="Test" finished-at="2024-02-22T12:43:24 IST" duration-ms="75652">
      <class name="testCases.TestCases">
        <test-method is-config="true" signature="openApp()[pri:0, instance:testCases.TestCases@158d2680]" started-at="2024-02-22T12:41:53 IST" name="openApp" finished-at="2024-02-22T12:42:08 IST" duration-ms="15286" status="PASS">
          <reporter-output>
          </reporter-output>
        </test-method> <!-- openApp -->
        <test-method signature="profileValidation()[pri:1, instance:testCases.TestCases@158d2680]" started-at="2024-02-22T12:42:09 IST" name="profileValidation" finished-at="2024-02-22T12:42:40 IST" duration-ms="30669" status="PASS">
          <reporter-output>
          </reporter-output>
        </test-method> <!-- profileValidation -->
        <test-method signature="openOneCognizant()[pri:2, instance:testCases.TestCases@158d2680]" started-at="2024-02-22T12:42:40 IST" name="openOneCognizant" finished-at="2024-02-22T12:42:46 IST" duration-ms="5899" status="PASS">
          <reporter-output>
          </reporter-output>
        </test-method> <!-- openOneCognizant -->
        <test-method signature="validateGSDpage()[pri:3, instance:testCases.TestCases@158d2680]" started-at="2024-02-22T12:42:46 IST" name="validateGSDpage" finished-at="2024-02-22T12:43:08 IST" duration-ms="22204" status="PASS">
          <reporter-output>
          </reporter-output>
        </test-method> <!-- validateGSDpage -->
        <test-method signature="selectLanguage()[pri:4, instance:testCases.TestCases@158d2680]" started-at="2024-02-22T12:43:08 IST" name="selectLanguage" finished-at="2024-02-22T12:43:09 IST" duration-ms="517" status="PASS">
          <reporter-output>
          </reporter-output>
        </test-method> <!-- selectLanguage -->
        <test-method signature="selectCountryAndQueries()[pri:5, instance:testCases.TestCases@158d2680]" started-at="2024-02-22T12:43:09 IST" name="selectCountryAndQueries" finished-at="2024-02-22T12:43:24 IST" duration-ms="15213" status="PASS">
          <reporter-output>
          </reporter-output>
        </test-method> <!-- selectCountryAndQueries -->
        <test-method is-config="true" signature="closeBrowser()[pri:0, instance:testCases.TestCases@158d2680]" started-at="2024-02-22T12:43:25 IST" name="closeBrowser" finished-at="2024-02-22T12:43:27 IST" duration-ms="2274" status="PASS">
          <reporter-output>
          </reporter-output>
        </test-method> <!-- closeBrowser -->
      </class> <!-- testCases.TestCases -->
    </test> <!-- Test -->
  </suite> <!-- Suite -->
</testng-results>
